<?xml version="1.0" encoding="UTF-8"?>
<!-- Generated by org.testng.reporters.JUnitReportReporter -->
<testsuite skipped="0" hostname="Auz-Chn-001" name="com.auz.selenium.ui.job.testcases.AddJobAndCarrerPageLink" tests="1" failures="0" timestamp="07 May 2020 09:33:00 GMT" time="72.852" errors="0">
  <testcase name="TC001_verify_user_is_able_to_create_a_job_and_publish_in_career_page" time="72.852" classname="com.auz.selenium.ui.job.testcases.AddJobAndCarrerPageLink"/>
</testsuite> <!-- com.auz.selenium.ui.job.testcases.AddJobAndCarrerPageLink -->
