<?xml version="1.0" encoding="UTF-8"?>
<!-- Generated by org.testng.reporters.JUnitReportReporter -->
<testsuite skipped="0" hostname="Auz-Chn-001" name="com.auz.selenium.ui.setting.recruitertestcases.CustomFields" tests="7" failures="0" timestamp="06 May 2020 09:47:45 GMT" time="261.572" errors="0">
  <testcase name="TC006_verify_user_is_able_to_delete_the_added_customFields_of_the_shortanswer_as_no_in_setting_page_through_recruiter" time="33.514" classname="com.auz.selenium.ui.setting.recruitertestcases.CustomFields"/>
  <testcase name="TC005_verify_Application_throwing_proper_error_while_short_answer_is_not_checked_in_customFields_through_recruiter" time="35.411" classname="com.auz.selenium.ui.setting.recruitertestcases.CustomFields"/>
  <testcase name="TC007_verify_Application_throwing_proper_error_message_when_custom_field_name_is_not_entered_in_customFields_through_recruiter" time="36.900" classname="com.auz.selenium.ui.setting.recruitertestcases.CustomFields"/>
  <testcase name="TC001_verify_user_is_able_to_add_customFields_by_selecting_shortanswer_as_yes_in_setting_page_through_recruiter" time="40.263" classname="com.auz.selenium.ui.setting.recruitertestcases.CustomFields"/>
  <testcase name="TC004_verify_user_is_able_to_search_the_added_customFields_in_setting_page_through_recruiter" time="29.669" classname="com.auz.selenium.ui.setting.recruitertestcases.CustomFields"/>
  <testcase name="TC003_verify_user_is_able_to_add_customFields_by_selecting_shortanswer_as_no_in_setting_page_through_recruiter" time="32.643" classname="com.auz.selenium.ui.setting.recruitertestcases.CustomFields"/>
  <testcase name="TC002_verify_user_is_able_to_delete_the_added_customFields_of_the_shortanswer_as_yes_in_setting_page_through_recruiter" time="53.172" classname="com.auz.selenium.ui.setting.recruitertestcases.CustomFields"/>
</testsuite> <!-- com.auz.selenium.ui.setting.recruitertestcases.CustomFields -->
