<?xml version="1.0" encoding="UTF-8"?>
<!-- Generated by org.testng.reporters.JUnitReportReporter -->
<testsuite skipped="0" hostname="Auz-Chn-001" name="com.auz.restassured.tests.PostRequestForCreatingJob" tests="2" failures="0" timestamp="05 May 2020 09:19:56 GMT" time="10.929" errors="0">
  <testcase name="TC002_Create_a_order_with_valid_Input" time="3.146" classname="com.auz.restassured.tests.PostRequestForCreatingJob"/>
  <testcase name="TC001_Create_a_order_with_valid_Input" time="7.783" classname="com.auz.restassured.tests.PostRequestForCreatingJob"/>
</testsuite> <!-- com.auz.restassured.tests.PostRequestForCreatingJob -->
