<?xml version="1.0" encoding="UTF-8"?>
<!-- Generated by org.testng.reporters.JUnitReportReporter -->
<testsuite skipped="0" hostname="Auz-Chn-001" name="com.auz.selenium.ui.jobmangedbyme.testcases.AddCandidateInsideJobManagedByMePage" tests="1" failures="0" timestamp="23 Apr 2020 18:51:51 GMT" time="40.793" errors="0">
  <testcase name="TC002_verify_user_is_able_to_move_the_candidate_to_different_stages_in_pipeline_view_in_jobmanagedbyMePage" time="40.793" classname="com.auz.selenium.ui.jobmangedbyme.testcases.AddCandidateInsideJobManagedByMePage"/>
</testsuite> <!-- com.auz.selenium.ui.jobmangedbyme.testcases.AddCandidateInsideJobManagedByMePage -->
