<?xml version="1.0" encoding="UTF-8"?>
<!-- Generated by org.testng.reporters.JUnitReportReporter -->
<testsuite skipped="0" hostname="Auz-Chn-001" name="com.auz.selenium.ui.setting.testcases.TeamMember" tests="1" failures="0" timestamp="27 Apr 2020 05:22:58 GMT" time="65.582" errors="0">
  <testcase name="TC006_verify_application_throwing_error_when_FirstName_is_not_enetered_under_settingpage" time="65.582" classname="com.auz.selenium.ui.setting.testcases.TeamMember"/>
</testsuite> <!-- com.auz.selenium.ui.setting.testcases.TeamMember -->
