<?xml version="1.0" encoding="UTF-8"?>
<!-- Generated by org.testng.reporters.JUnitReportReporter -->
<testsuite skipped="0" hostname="Auz-Chn-001" name="com.auz.selenium.ui.home.testcases.JobTargetIntegrationsInHomePage" tests="3" failures="0" timestamp="07 May 2020 05:32:20 GMT" time="489.656" errors="0">
  <testcase name="TC003_verify_user_is_able_to_publish_the_job_in_myjobpage_by_adding_sitename_as_monstor_in_jobtargetpage" time="157.680" classname="com.auz.selenium.ui.home.testcases.JobTargetIntegrationsInHomePage"/>
  <testcase name="TC002_verify_user_is_able_to_publish_the_job_in_Homepage_by_adding_sitename_as_LinkedIn_in_jobtargetpage" time="161.061" classname="com.auz.selenium.ui.home.testcases.JobTargetIntegrationsInHomePage"/>
  <testcase name="TC001_verify_user_is_able_to_publish_the_job_in_homepage_by_adding_sitename_as_careerbuilder_in_jobtargetpage" time="170.915" classname="com.auz.selenium.ui.home.testcases.JobTargetIntegrationsInHomePage"/>
</testsuite> <!-- com.auz.selenium.ui.home.testcases.JobTargetIntegrationsInHomePage -->
