<?xml version="1.0" encoding="UTF-8"?>
<!-- Generated by org.testng.reporters.JUnitReportReporter -->
<testsuite skipped="0" hostname="Auz-Chn-001" name="com.auz.selenium.ui.candidate.testcases.ScheduleInterview" tests="1" failures="0" timestamp="30 Apr 2020 03:55:44 GMT" time="38.039" errors="0">
  <testcase name="TC011_Verify_application_throwing_error_when_interview_type_not_selected" time="38.039" classname="com.auz.selenium.ui.candidate.testcases.ScheduleInterview"/>
</testsuite> <!-- com.auz.selenium.ui.candidate.testcases.ScheduleInterview -->
