<?xml version="1.0" encoding="UTF-8"?>
<!-- Generated by org.testng.reporters.JUnitReportReporter -->
<testsuite skipped="1" hostname="Auz-Chn-001" name="com.auz.selenium.ui.setting.testcases.CompanySetting" tests="2" failures="0" timestamp="07 May 2020 08:34:46 GMT" time="34.243" errors="0">
  <testcase name="TC013_verify_user_is_able_to_delete_the_added_tagName_under_company_settingPage" time="34.243" classname="com.auz.selenium.ui.setting.testcases.CompanySetting"/>
  <testcase name="TC003_verify_user_is_able_to_edit_departmentName_successfully_in_companysetting_page" classname="com.auz.selenium.ui.setting.testcases.CompanySetting">
    <skipped/>
  </testcase> <!-- TC003_verify_user_is_able_to_edit_departmentName_successfully_in_companysetting_page -->
</testsuite> <!-- com.auz.selenium.ui.setting.testcases.CompanySetting -->
