<?xml version="1.0" encoding="UTF-8"?>
<!-- Generated by org.testng.reporters.JUnitReportReporter -->
<testsuite skipped="0" hostname="Auz-Chn-001" name="com.auz.selenium.ui.setting.testcases.RecruitingPreferences" tests="1" failures="0" timestamp="20 Apr 2020 11:04:04 GMT" time="36.204" errors="0">
  <testcase name="TC004_verify_application_throwing_error_when_stage_is_not_entered_under_recruitingPreferences_in_setting_page" time="36.204" classname="com.auz.selenium.ui.setting.testcases.RecruitingPreferences"/>
</testsuite> <!-- com.auz.selenium.ui.setting.testcases.RecruitingPreferences -->
