<?xml version="1.0" encoding="UTF-8"?>
<!-- Generated by org.testng.reporters.JUnitReportReporter -->
<testsuite skipped="0" hostname="Auz-Chn-001" name="com.auz.selenium.ui.home.testcases.AddTeamMemberInHomePage" tests="1" failures="0" timestamp="20 Apr 2020 10:42:02 GMT" time="52.996" errors="0">
  <testcase name="TC008_verify_application_throwing_error_when_role_is_not_selected_under_Homepage" time="52.996" classname="com.auz.selenium.ui.home.testcases.AddTeamMemberInHomePage"/>
</testsuite> <!-- com.auz.selenium.ui.home.testcases.AddTeamMemberInHomePage -->
