<?xml version="1.0" encoding="UTF-8"?>
<!-- Generated by org.testng.reporters.JUnitReportReporter -->
<testsuite skipped="0" hostname="Auz-Chn-001" name="com.auz.selenium.ui.setting.testcases.JobTemplate" tests="1" failures="0" timestamp="27 Apr 2020 05:12:46 GMT" time="102.591" errors="0">
  <testcase name="TC006_verify_application_throwing_error_when_NewJobTemplate_is_created_without_JobDescription" time="102.591" classname="com.auz.selenium.ui.setting.testcases.JobTemplate"/>
</testsuite> <!-- com.auz.selenium.ui.setting.testcases.JobTemplate -->
