<?xml version="1.0" encoding="UTF-8"?>
<!-- Generated by org.testng.reporters.JUnitReportReporter -->
<testsuite skipped="0" hostname="Auz-Chn-001" name="com.auz.selenium.ui.talentpool.testcases.FilterCandidateTypesInTalentPool" tests="1" failures="0" timestamp="28 Apr 2020 10:08:19 GMT" time="42.855" errors="0">
  <testcase name="TC014_verify_user_is_able_to_filter_candidate_by_followed_in_talentPoolpage" time="42.855" classname="com.auz.selenium.ui.talentpool.testcases.FilterCandidateTypesInTalentPool"/>
</testsuite> <!-- com.auz.selenium.ui.talentpool.testcases.FilterCandidateTypesInTalentPool -->
