<?xml version="1.0" encoding="UTF-8"?>
<!-- Generated by org.testng.reporters.JUnitReportReporter -->
<testsuite skipped="0" hostname="Auz-Chn-001" name="com.auz.selenium.ui.jobmangedbyme.testcases.FilterJobTypesInJobManagedByMe" tests="1" failures="0" timestamp="23 Apr 2020 19:04:32 GMT" time="31.639" errors="0">
  <testcase name="TC013_verify_user_is_able_to_filter_jobs_by_EmploymentType_as_contract_in_jobsManagedByMepage" time="31.639" classname="com.auz.selenium.ui.jobmangedbyme.testcases.FilterJobTypesInJobManagedByMe"/>
</testsuite> <!-- com.auz.selenium.ui.jobmangedbyme.testcases.FilterJobTypesInJobManagedByMe -->
