<?xml version="1.0" encoding="UTF-8"?>
<!-- Generated by org.testng.reporters.JUnitReportReporter -->
<testsuite skipped="0" hostname="Auz-Chn-001" name="com.auz.selenium.ui.setting.testcases.CareersPageTest" tests="1" failures="0" timestamp="23 Apr 2020 04:56:38 GMT" time="43.235" errors="0">
  <testcase name="TC001_verify_user_is_able_to_add_companyProfile_under_setting_page" time="43.235" classname="com.auz.selenium.ui.setting.testcases.CareersPageTest"/>
</testsuite> <!-- com.auz.selenium.ui.setting.testcases.CareersPageTest -->
