<?xml version="1.0" encoding="UTF-8"?>
<!-- Generated by org.testng.reporters.JUnitReportReporter -->
<testsuite skipped="0" hostname="Auz-Chn-001" name="com.auz.selenium.ui.job.testcases.AddJob" tests="1" failures="0" timestamp="07 May 2020 08:15:37 GMT" time="74.390" errors="0">
  <testcase name="TC008_verify_user_is_able_to_create_an_email_with_Placeholders_stagingActions_in_interview_process_and_post_a_job_in_job_page" time="74.390" classname="com.auz.selenium.ui.job.testcases.AddJob"/>
</testsuite> <!-- com.auz.selenium.ui.job.testcases.AddJob -->
