<?xml version="1.0" encoding="UTF-8"?>
<!-- Generated by org.testng.reporters.JUnitReportReporter -->
<testsuite skipped="0" hostname="Auz-Chn-001" name="com.auz.selenium.ui.candidate.testcases.MoveToStageInCandidateEditPage" tests="1" failures="0" timestamp="27 Apr 2020 11:27:51 GMT" time="49.044" errors="0">
  <testcase name="TC007_verify_user_is_able_to_move_stage_action_to_user_created_stageaction_by_clicking_on_proceedbutton_in_prompt" time="49.044" classname="com.auz.selenium.ui.candidate.testcases.MoveToStageInCandidateEditPage"/>
</testsuite> <!-- com.auz.selenium.ui.candidate.testcases.MoveToStageInCandidateEditPage -->
