<?xml version="1.0" encoding="UTF-8"?>
<!-- Generated by org.testng.reporters.JUnitReportReporter -->
<testsuite skipped="0" hostname="Auz-Chn-001" name="com.auz.selenium.ui.jobmangedbyme.testcases.EditCloneAndCloseJobInJobManagedByMePage" tests="1" failures="0" timestamp="07 May 2020 08:26:01 GMT" time="70.537" errors="0">
  <testcase name="TC001_verify_user_is_able_to_publish_the_job_and_edit_and_save_the_changes_in_job_managedbyme_page" time="70.537" classname="com.auz.selenium.ui.jobmangedbyme.testcases.EditCloneAndCloseJobInJobManagedByMePage"/>
</testsuite> <!-- com.auz.selenium.ui.jobmangedbyme.testcases.EditCloneAndCloseJobInJobManagedByMePage -->
