<?xml version="1.0" encoding="UTF-8"?>
<!-- Generated by org.testng.reporters.JUnitReportReporter -->
<testsuite skipped="0" hostname="Auz-Chn-001" name="com.auz.selenium.ui.home.testcases.AddJobInHomePage" tests="1" failures="0" timestamp="07 May 2020 08:04:23 GMT" time="72.526" errors="0">
  <testcase name="TC007_verify_user_is_able_to_create_an_email_with_Placeholders_stagingActions_in_interview_process_and_post_a_job" time="72.526" classname="com.auz.selenium.ui.home.testcases.AddJobInHomePage"/>
</testsuite> <!-- com.auz.selenium.ui.home.testcases.AddJobInHomePage -->
