<?xml version="1.0" encoding="UTF-8"?>
<!-- Generated by org.testng.reporters.JUnitReportReporter -->
<testsuite skipped="0" hostname="Auz-Chn-001" name="com.auz.selenium.ui.jobmangedbyme.testcases.SearchJobInJobManagedByme" tests="1" failures="0" timestamp="23 Apr 2020 19:06:43 GMT" time="48.715" errors="0">
  <testcase name="TC001_verify_user_is_able_to_search_the_job_inJobManagedByMePage" time="48.715" classname="com.auz.selenium.ui.jobmangedbyme.testcases.SearchJobInJobManagedByme"/>
</testsuite> <!-- com.auz.selenium.ui.jobmangedbyme.testcases.SearchJobInJobManagedByme -->
