<?xml version="1.0" encoding="UTF-8"?>
<!-- Generated by org.testng.reporters.JUnitReportReporter -->
<testsuite skipped="0" hostname="Auz-Chn-001" name="com.auz.selenium.ui.job.testcases.SearchJob" tests="1" failures="0" timestamp="23 Apr 2020 18:02:48 GMT" time="54.013" errors="0">
  <testcase name="TC001_verify_user_is_able_to_search_the_job_inJobPage" time="54.013" classname="com.auz.selenium.ui.job.testcases.SearchJob"/>
</testsuite> <!-- com.auz.selenium.ui.job.testcases.SearchJob -->
