<?xml version="1.0" encoding="UTF-8"?>
<!-- Generated by org.testng.reporters.JUnitReportReporter -->
<testsuite skipped="0" hostname="Auz-Chn-001" name="com.auz.selenium.ui.setting.recruitertestcases.EmailTemplate" tests="1" failures="0" timestamp="07 May 2020 09:24:58 GMT" time="35.075" errors="0">
  <testcase name="TC003_verify_user_is_able_to_edit_the_EmailTemplate_added_under_setting_page_through_recruiter" time="35.075" classname="com.auz.selenium.ui.setting.recruitertestcases.EmailTemplate"/>
</testsuite> <!-- com.auz.selenium.ui.setting.recruitertestcases.EmailTemplate -->
