<?xml version="1.0" encoding="UTF-8"?>
<!-- Generated by org.testng.reporters.JUnitReportReporter -->
<testsuite skipped="0" hostname="Auz-Chn-001" name="com.auz.selenium.ui.jobmangedbyme.testcases.JobTargetIntegrationsInMyJobPage" tests="1" failures="0" timestamp="07 May 2020 05:17:50 GMT" time="168.342" errors="0">
  <testcase name="TC001_verify_user_is_able_to_publish_the_job_in_myjobpage_by_adding_sitename_as_careerbuilder_in_jobtargetpage" time="168.342" classname="com.auz.selenium.ui.jobmangedbyme.testcases.JobTargetIntegrationsInMyJobPage"/>
</testsuite> <!-- com.auz.selenium.ui.jobmangedbyme.testcases.JobTargetIntegrationsInMyJobPage -->
