<?xml version="1.0" encoding="UTF-8"?>
<!-- Generated by org.testng.reporters.JUnitReportReporter -->
<testsuite skipped="0" hostname="Auz-Chn-001" name="com.auz.selenium.ui.candidate.testcases.EditCandidateInformationTests" tests="1" failures="0" timestamp="07 May 2020 09:46:24 GMT" time="152.055" errors="0">
  <testcase name="TC001_Verify_user_is_able_to_change_the_sources_in_candidateEditPage" time="152.055" classname="com.auz.selenium.ui.candidate.testcases.EditCandidateInformationTests"/>
</testsuite> <!-- com.auz.selenium.ui.candidate.testcases.EditCandidateInformationTests -->
