<?xml version="1.0" encoding="UTF-8"?>
<!-- Generated by org.testng.reporters.JUnitReportReporter -->
<testsuite skipped="0" hostname="Auz-Chn-001" name="com.auz.selenium.ui.manage.testcases.InviteTeamMember" tests="1" failures="0" timestamp="23 Apr 2020 19:13:45 GMT" time="29.640" errors="0">
  <testcase name="TC008_verify_application_throwing_error_when_role_is_not_selected" time="29.640" classname="com.auz.selenium.ui.manage.testcases.InviteTeamMember"/>
</testsuite> <!-- com.auz.selenium.ui.manage.testcases.InviteTeamMember -->
