<?xml version="1.0" encoding="UTF-8"?>
<!-- Generated by org.testng.reporters.JUnitReportReporter -->
<testsuite skipped="0" hostname="Auz-Chn-001" name="com.auz.selenium.ui.talentpool.testcases.AddCandidateInTalentPool" tests="1" failures="0" timestamp="23 Apr 2020 19:30:52 GMT" time="57.027" errors="0">
  <testcase name="TC013_verify_user_is_able_to_add_candidate_via_resume_in_talentpool_page" time="57.027" classname="com.auz.selenium.ui.talentpool.testcases.AddCandidateInTalentPool"/>
</testsuite> <!-- com.auz.selenium.ui.talentpool.testcases.AddCandidateInTalentPool -->
