<?xml version="1.0" encoding="UTF-8"?>
<!-- Generated by org.testng.reporters.JUnitReportReporter -->
<testsuite skipped="0" hostname="Auz-Chn-001" name="com.auz.selenium.ui.job.testcases.EditCloneAndCloseJob" tests="1" failures="0" timestamp="23 Apr 2020 17:47:13 GMT" time="42.562" errors="0">
  <testcase name="TC002_verify_user_is_able_to_clone_the_job" time="42.562" classname="com.auz.selenium.ui.job.testcases.EditCloneAndCloseJob"/>
</testsuite> <!-- com.auz.selenium.ui.job.testcases.EditCloneAndCloseJob -->
