<?xml version="1.0" encoding="UTF-8"?>
<!-- Generated by org.testng.reporters.JUnitReportReporter -->
<testsuite skipped="0" hostname="Auz-Chn-001" name="com.auz.selenium.ui.candidate.testcases.FilterCandidateTypes" tests="1" failures="0" timestamp="28 Apr 2020 10:10:18 GMT" time="55.887" errors="0">
  <testcase name="TC014_verify_user_is_able_to_filter_candidate_by_followed_in_candidatepage" time="55.887" classname="com.auz.selenium.ui.candidate.testcases.FilterCandidateTypes"/>
</testsuite> <!-- com.auz.selenium.ui.candidate.testcases.FilterCandidateTypes -->
