<?xml version="1.0" encoding="UTF-8"?>
<!-- Generated by org.testng.reporters.JUnitReportReporter -->
<testsuite skipped="0" hostname="Auz-Chn-001" name="com.auz.selenium.ui.setting.testcases.Questionnaire" tests="1" failures="0" timestamp="30 Apr 2020 08:19:09 GMT" time="34.323" errors="0">
  <testcase name="TC016_verify_application_throwing_error_when_optionalfield_is_notselected_while_adding_by_selecting_the_choice_as_AddQuestion_in_questionare_page" time="34.323" classname="com.auz.selenium.ui.setting.testcases.Questionnaire"/>
</testsuite> <!-- com.auz.selenium.ui.setting.testcases.Questionnaire -->
