<?xml version="1.0" encoding="UTF-8"?>
<!-- Generated by org.testng.reporters.JUnitReportReporter -->
<testsuite skipped="0" hostname="Auz-Chn-001" name="com.auz.selenium.ui.setting.testcases.EmailTemplate" tests="1" failures="0" timestamp="07 May 2020 09:28:42 GMT" time="40.002" errors="0">
  <testcase name="TC004_verify_user_is_able_to_delete_the_EmailTemplate_which_is_added_under_setting_page" time="40.002" classname="com.auz.selenium.ui.setting.testcases.EmailTemplate"/>
</testsuite> <!-- com.auz.selenium.ui.setting.testcases.EmailTemplate -->
