<?xml version="1.0" encoding="UTF-8"?>
<!-- Generated by org.testng.reporters.JUnitReportReporter -->
<testsuite skipped="7" hostname="Auz-Chn-001" name="com.auz.selenium.ui.setting.recruitertestcases.CompanySetting" tests="8" failures="0" timestamp="07 May 2020 09:14:24 GMT" time="33.476" errors="0">
  <testcase name="TC012_verify_user_is_able_to_delete_the_added_tagName_under_company_settingPage_through_recruiter" time="33.476" classname="com.auz.selenium.ui.setting.recruitertestcases.CompanySetting"/>
  <testcase name="TC007_verify_application_throwing_error_when_country_is_not_selected_while_trying_to_add_location_through_recruiter" classname="com.auz.selenium.ui.setting.recruitertestcases.CompanySetting">
    <skipped/>
  </testcase> <!-- TC007_verify_application_throwing_error_when_country_is_not_selected_while_trying_to_add_location_through_recruiter -->
  <testcase name="TC008_verify_application_throwing_error_when_state_is_not_selected_while_trying_to_add_location_through_recruiter" classname="com.auz.selenium.ui.setting.recruitertestcases.CompanySetting">
    <skipped/>
  </testcase> <!-- TC008_verify_application_throwing_error_when_state_is_not_selected_while_trying_to_add_location_through_recruiter -->
  <testcase name="TC006_verify_user_is_able_to_delete_the_addedLocation_successfully_in_companysetting_page_through_recruiter" classname="com.auz.selenium.ui.setting.recruitertestcases.CompanySetting">
    <skipped/>
  </testcase> <!-- TC006_verify_user_is_able_to_delete_the_addedLocation_successfully_in_companysetting_page_through_recruiter -->
  <testcase name="TC004_verify_user_is_able_to_add_Location_successfully_in_companysetting_page_through_recruiter" classname="com.auz.selenium.ui.setting.recruitertestcases.CompanySetting">
    <skipped/>
  </testcase> <!-- TC004_verify_user_is_able_to_add_Location_successfully_in_companysetting_page_through_recruiter -->
  <testcase name="TC005_verify_user_is_able_to_edit_the_addedLocation_successfully_in_companysetting_page_through_recruiter" classname="com.auz.selenium.ui.setting.recruitertestcases.CompanySetting">
    <skipped/>
  </testcase> <!-- TC005_verify_user_is_able_to_edit_the_addedLocation_successfully_in_companysetting_page_through_recruiter -->
  <testcase name="TC010_verify_application_throwing_error_when_zipcode_is_not_entered_while_trying_to_add_location_through_recruiter" classname="com.auz.selenium.ui.setting.recruitertestcases.CompanySetting">
    <skipped/>
  </testcase> <!-- TC010_verify_application_throwing_error_when_zipcode_is_not_entered_while_trying_to_add_location_through_recruiter -->
  <testcase name="TC009_verify_application_throwing_error_when_city_is_not_selected_while_trying_to_add_location_through_recruiter" classname="com.auz.selenium.ui.setting.recruitertestcases.CompanySetting">
    <skipped/>
  </testcase> <!-- TC009_verify_application_throwing_error_when_city_is_not_selected_while_trying_to_add_location_through_recruiter -->
</testsuite> <!-- com.auz.selenium.ui.setting.recruitertestcases.CompanySetting -->
