<?xml version="1.0" encoding="UTF-8"?>
<!-- Generated by org.testng.reporters.JUnitReportReporter -->
<testsuite skipped="0" hostname="Auz-Chn-001" name="com.auz.selenium.ui.candidate.testcases.ArchiveCandidate" tests="1" failures="0" timestamp="20 Apr 2020 06:00:46 GMT" time="65.249" errors="0">
  <testcase name="TC006_verify_user_is_able_to_archeive_candidate_information_successfully_after_candidate_Position_is_Closed" time="65.249" classname="com.auz.selenium.ui.candidate.testcases.ArchiveCandidate"/>
</testsuite> <!-- com.auz.selenium.ui.candidate.testcases.ArchiveCandidate -->
