<?xml version="1.0" encoding="UTF-8"?>
<!-- Generated by org.testng.reporters.JUnitReportReporter -->
<testsuite skipped="0" hostname="Auz-Chn-001" name="com.auz.selenium.ui.jobmangedbyme.testcases.AddJobInJobManagedBymePage" tests="1" failures="0" timestamp="07 May 2020 08:21:30 GMT" time="68.775" errors="0">
  <testcase name="TC008_verify_user_is_able_to_create_an_email_with_Placeholders_stagingActions_in_interview_process_and_post_a_job_in_jobMangedByMe_page" time="68.775" classname="com.auz.selenium.ui.jobmangedbyme.testcases.AddJobInJobManagedBymePage"/>
</testsuite> <!-- com.auz.selenium.ui.jobmangedbyme.testcases.AddJobInJobManagedBymePage -->
