<?xml version="1.0" encoding="UTF-8"?>
<!-- Generated by org.testng.reporters.JUnitReportReporter -->
<testsuite skipped="0" hostname="Auz-Chn-001" name="com.auz.selenium.ui.talentpool.testcases.EditCandidateInformationInTalentPool" tests="1" failures="0" timestamp="28 Apr 2020 07:05:28 GMT" time="47.351" errors="0">
  <testcase name="TC011_verify_user_is_able_to_unfollow_the_candidate_through_talentpoolpage_by_clicking_the_follow_button_in_candidateEditPage" time="47.351" classname="com.auz.selenium.ui.talentpool.testcases.EditCandidateInformationInTalentPool"/>
</testsuite> <!-- com.auz.selenium.ui.talentpool.testcases.EditCandidateInformationInTalentPool -->
