<?xml version="1.0" encoding="UTF-8"?>
<!-- Generated by org.testng.reporters.JUnitReportReporter -->
<testsuite skipped="0" hostname="Auz-Chn-001" name="com.auz.selenium.ui.job.testcases.JobTargetIntegrationsInJobPage" tests="1" failures="0" timestamp="07 May 2020 04:16:36 GMT" time="157.639" errors="0">
  <testcase name="TC003_verify_user_is_able_to_publish_the_job_by_adding_sitename_as_monstor_in_jobtargetpage" time="157.639" classname="com.auz.selenium.ui.job.testcases.JobTargetIntegrationsInJobPage"/>
</testsuite> <!-- com.auz.selenium.ui.job.testcases.JobTargetIntegrationsInJobPage -->
