<?xml version="1.0" encoding="UTF-8"?>
<!-- Generated by org.testng.reporters.JUnitReportReporter -->
<testsuite skipped="0" hostname="Auz-Chn-001" name="com.auz.restassured.tests.CreateOrder" tests="1" failures="0" timestamp="01 May 2020 07:27:45 GMT" time="4.938" errors="0">
  <testcase name="TC001_Create_a_order_with_valid_Input" time="4.938" classname="com.auz.restassured.tests.CreateOrder"/>
</testsuite> <!-- com.auz.restassured.tests.CreateOrder -->
