<?xml version="1.0" encoding="UTF-8"?>
<!-- Generated by org.testng.reporters.JUnitReportReporter -->
<testsuite skipped="0" hostname="Auz-Chn-001" name="com.auz.selenium.ui.setting.recruitertestcases.Questionnaire" tests="1" failures="0" timestamp="07 May 2020 09:30:04 GMT" time="35.360" errors="0">
  <testcase name="TC014_verify_user_is_able_to_add_Questionnaire_by_selecting_AddQuestion_as_date_setting_questionare_page_through_recruiter" time="35.360" classname="com.auz.selenium.ui.setting.recruitertestcases.Questionnaire"/>
</testsuite> <!-- com.auz.selenium.ui.setting.recruitertestcases.Questionnaire -->
