<?xml version="1.0" encoding="UTF-8"?>
<!-- Generated by org.testng.reporters.JUnitReportReporter -->
<testsuite skipped="0" hostname="Auz-Chn-001" name="com.auz.selenium.ui.setting.testcases.CustomFields" tests="1" failures="0" timestamp="06 May 2020 09:41:58 GMT" time="35.917" errors="0">
  <testcase name="TC001_verify_user_is_able_to_add_customFields_by_selecting_shortanswer_as_yes_in_setting_page" time="35.917" classname="com.auz.selenium.ui.setting.testcases.CustomFields"/>
</testsuite> <!-- com.auz.selenium.ui.setting.testcases.CustomFields -->
