<?xml version="1.0" encoding="UTF-8"?>
<!-- Generated by org.testng.reporters.JUnitReportReporter -->
<testsuite skipped="0" hostname="Auz-Chn-001" name="com.auz.selenium.ui.job.testcases.AddCandidateInsideJobManagedByMePage" tests="1" failures="0" timestamp="21 Apr 2020 09:34:33 GMT" time="71.140" errors="0">
  <testcase name="TC001_verify_user_is_able_to_publish_the_job_Externally" time="71.140" classname="com.auz.selenium.ui.job.testcases.AddCandidateInsideJobManagedByMePage"/>
</testsuite> <!-- com.auz.selenium.ui.job.testcases.AddCandidateInsideJobManagedByMePage -->
