<?xml version="1.0" encoding="UTF-8"?>
<!-- Generated by org.testng.reporters.JUnitReportReporter -->
<testsuite skipped="0" hostname="Auz-Chn-001" name="com.auz.selenium.ui.job.testcases.AddCandidateInsideJobPage" tests="1" failures="0" timestamp="28 Apr 2020 06:08:55 GMT" time="103.736" errors="0">
  <testcase name="TC007_verify_user_is_able_to_move_stage_action_by_performing_action_inside_the_listview" time="103.736" classname="com.auz.selenium.ui.job.testcases.AddCandidateInsideJobPage"/>
</testsuite> <!-- com.auz.selenium.ui.job.testcases.AddCandidateInsideJobPage -->
