<?xml version="1.0" encoding="UTF-8"?>
<!-- Generated by org.testng.reporters.JUnitReportReporter -->
<testsuite skipped="0" hostname="Auz-Chn-001" name="com.auz.selenium.ui.manage.Integrations" tests="1" failures="0" timestamp="21 Apr 2020 06:38:01 GMT" time="44.239" errors="0">
  <testcase name="TC001_verify_application_navigated_to_setting_integrationpage_when_users_click_on_integrations_submenu_in_ManageMenu" time="44.239" classname="com.auz.selenium.ui.manage.Integrations"/>
</testsuite> <!-- com.auz.selenium.ui.manage.Integrations -->
